<?xml version="1.0" encoding="UTF-8"?>
<testsuite xmlns:xsi="http://www.w3.org/2001/XMLSchema-instance" xsi:noNamespaceSchemaLocation="https://maven.apache.org/surefire/maven-surefire-plugin/xsd/surefire-test-report-3.0.xsd" version="3.0" name="TestSuite" time="1.944" tests="1" errors="0" skipped="0" failures="1">
  <properties>
[...]
</properties>
  <testcase name="unsuccessfulLogin" classname="testObjects.LoginTest" time="1.052">
    <failure message="expected [License Management] but found [Login]" type="java.lang.AssertionError">java.lang.AssertionError: expected [License Management] but found [Login]
	at testObjects.LoginTest.unsuccessfulLogin(LoginTest.java:33)
</failure>
    <system-err><![CDATA[Starting ChromeDriver 76.0.3809.126 (d80a294506b4c9d18015e755cee48f953ddc3f2f-refs/branch-heads/3809@{#1024}) on port 27374
Only local connections are allowed.
Please protect ports used by ChromeDriver and related test frameworks to prevent access by malicious code.
[1568608632.575][WARNING]: This version of ChromeDriver has not been tested with Chrome version 77.
Sep 15, 2019 9:37:12 PM org.openqa.selenium.remote.ProtocolHandshake createSession
INFO: Detected dialect: W3C
]]></system-err>
  </testcase>
</testsuite>