<?xml version="1.0" encoding="UTF-8"?>
<testsuite xmlns:xsi="http://www.w3.org/2001/XMLSchema-instance" xsi:noNamespaceSchemaLocation="https://maven.apache.org/surefire/maven-surefire-plugin/xsd/surefire-test-report-3.0.xsd" version="3.0" name="TestSuite" time="17.029" tests="3" errors="0" skipped="0" failures="0">
  <properties>
[...]
</properties>
  <testcase name="unsuccessfulLogin" classname="testObjects.LoginTest" time="7.743"/>
  <testcase name="successfulLogin" classname="testObjects.LoginTest" time="1.096"/>
  <testcase name="generatePermanentPurchased" classname="testObjects.GenerateTest" time="0"/>
</testsuite>