<?xml version="1.0" encoding="UTF-8"?>
<testng-results ignored="0" total="3" passed="3" failed="0" skipped="0">
  <reporter-output>
  </reporter-output>
  <suite started-at="2019-09-30T08:15:28Z" name="All Test Suite" finished-at="2019-09-30T08:15:32Z" duration-ms="4218">
    <groups>
    </groups>
    <test started-at="2019-09-30T08:15:28Z" name="login" finished-at="2019-09-30T08:15:30Z" duration-ms="2253">
      <class name="testObjects.LoginTest">
        <test-method signature="unsuccessfulLogin()[pri:0, instance:testObjects.LoginTest@25748410]" started-at="2019-09-30T08:15:28Z" name="unsuccessfulLogin" finished-at="2019-09-30T08:15:29Z" duration-ms="1076" status="PASS">
          <reporter-output>
          </reporter-output>
        </test-method> <!-- unsuccessfulLogin -->
        <test-method signature="successfulLogin()[pri:0, instance:testObjects.LoginTest@25748410]" started-at="2019-09-30T08:15:29Z" name="successfulLogin" finished-at="2019-09-30T08:15:30Z" duration-ms="1101" status="PASS">
          <reporter-output>
          </reporter-output>
        </test-method> <!-- successfulLogin -->
        <test-method is-config="true" signature="closeBrowser()[pri:0, instance:testObjects.LoginTest@25748410]" started-at="2019-09-30T08:15:30Z" name="closeBrowser" finished-at="2019-09-30T08:15:30Z" duration-ms="67" status="PASS">
          <reporter-output>
          </reporter-output>
        </test-method> <!-- closeBrowser -->
      </class> <!-- testObjects.LoginTest -->
    </test> <!-- login -->
    <test started-at="2019-09-30T08:15:30Z" name="generate" finished-at="2019-09-30T08:15:32Z" duration-ms="1938">
      <class name="testObjects.GenerateTest">
        <test-method is-config="true" signature="authorize()[pri:0, instance:testObjects.GenerateTest@305f031]" started-at="2019-09-30T08:15:30Z" name="authorize" finished-at="2019-09-30T08:15:32Z" duration-ms="1872" status="PASS">
          <reporter-output>
          </reporter-output>
        </test-method> <!-- authorize -->
        <test-method signature="generatePermanentPurchased()[pri:0, instance:testObjects.GenerateTest@305f031]" started-at="2019-09-30T08:15:32Z" name="generatePermanentPurchased" finished-at="2019-09-30T08:15:32Z" duration-ms="1" status="PASS">
          <reporter-output>
          </reporter-output>
        </test-method> <!-- generatePermanentPurchased -->
        <test-method is-config="true" signature="closeBrowser()[pri:0, instance:testObjects.GenerateTest@305f031]" started-at="2019-09-30T08:15:32Z" name="closeBrowser" finished-at="2019-09-30T08:15:32Z" duration-ms="65" status="PASS">
          <reporter-output>
          </reporter-output>
        </test-method> <!-- closeBrowser -->
      </class> <!-- testObjects.GenerateTest -->
    </test> <!-- generate -->
  </suite> <!-- All Test Suite -->
</testng-results>
