<?xml version="1.0" encoding="UTF-8"?>
<!-- Generated by org.testng.reporters.JUnitXMLReporter -->
<testsuite ignored="0" hostname="zalupa" failures="0" tests="10" name="activate" time="24.72" errors="0" timestamp="17 Oct 2019 07:32:45 GMT">
  <testcase classname="testObjects.ActivateTest" name="activateKey" time="2.287"/>
  <testcase classname="testObjects.ActivateTest" name="activateKey" time="2.239"/>
  <testcase classname="testObjects.ActivateTest" name="activateKey" time="2.28"/>
  <testcase classname="testObjects.ActivateTest" name="activateKey" time="2.285"/>
  <testcase classname="testObjects.ActivateTest" name="activateKey" time="2.284"/>
  <testcase classname="testObjects.ActivateTest" name="activateKey" time="2.267"/>
  <testcase classname="testObjects.ActivateTest" name="activateKey" time="2.268"/>
  <testcase classname="testObjects.ActivateTest" name="activateKey" time="2.264"/>
  <testcase classname="testObjects.ActivateTest" name="activateKey" time="2.259"/>
  <testcase classname="testObjects.ActivateTest" name="activateKey" time="2.267"/>
</testsuite> <!-- activate -->
