<?xml version="1.0" encoding="UTF-8"?>
<!-- Generated by org.testng.reporters.JUnitXMLReporter -->
<testsuite ignored="0" hostname="zalupa" failures="0" tests="10" name="activate" time="24.511" errors="0" timestamp="15 Oct 2019 07:40:53 GMT">
  <testcase classname="testObjects.ActivateTest" name="activateKey" time="2.281"/>
  <testcase classname="testObjects.ActivateTest" name="activateKey" time="2.264"/>
  <testcase classname="testObjects.ActivateTest" name="activateKey" time="2.27"/>
  <testcase classname="testObjects.ActivateTest" name="activateKey" time="2.267"/>
  <testcase classname="testObjects.ActivateTest" name="activateKey" time="2.251"/>
  <testcase classname="testObjects.ActivateTest" name="activateKey" time="2.254"/>
  <testcase classname="testObjects.ActivateTest" name="activateKey" time="2.267"/>
  <testcase classname="testObjects.ActivateTest" name="activateKey" time="2.252"/>
  <testcase classname="testObjects.ActivateTest" name="activateKey" time="2.27"/>
  <testcase classname="testObjects.ActivateTest" name="activateKey" time="2.267"/>
</testsuite> <!-- activate -->
