<?xml version="1.0" encoding="UTF-8"?>
<!-- Generated by org.testng.reporters.JUnitXMLReporter -->
<testsuite ignored="0" hostname="zalupa" failures="0" tests="10" name="disableLicenseKey" time="3.201" errors="0" timestamp="15 Oct 2019 07:40:57 GMT">
  <testcase classname="testObjects.DisableTest" name="disableKey" time="0.153"/>
  <testcase classname="testObjects.DisableTest" name="disableKey" time="0.13"/>
  <testcase classname="testObjects.DisableTest" name="disableKey" time="0.126"/>
  <testcase classname="testObjects.DisableTest" name="disableKey" time="0.11"/>
  <testcase classname="testObjects.DisableTest" name="disableKey" time="0.124"/>
  <testcase classname="testObjects.DisableTest" name="disableKey" time="0.117"/>
  <testcase classname="testObjects.DisableTest" name="disableKey" time="0.142"/>
  <testcase classname="testObjects.DisableTest" name="disableKey" time="0.115"/>
  <testcase classname="testObjects.DisableTest" name="disableKey" time="0.115"/>
  <testcase classname="testObjects.DisableTest" name="disableKey" time="0.116"/>
</testsuite> <!-- disableLicenseKey -->
