<?xml version="1.0" encoding="UTF-8"?>
<!-- Generated by org.testng.reporters.JUnitXMLReporter -->
<testsuite ignored="0" hostname="zalupa" failures="0" tests="10" name="disableLicenseKey" time="3.102" errors="0" timestamp="17 Oct 2019 07:32:59 GMT">
  <testcase classname="testObjects.DisableTest" name="disableKey" time="0.167"/>
  <testcase classname="testObjects.DisableTest" name="disableKey" time="0.131"/>
  <testcase classname="testObjects.DisableTest" name="disableKey" time="0.113"/>
  <testcase classname="testObjects.DisableTest" name="disableKey" time="0.121"/>
  <testcase classname="testObjects.DisableTest" name="disableKey" time="0.112"/>
  <testcase classname="testObjects.DisableTest" name="disableKey" time="0.114"/>
  <testcase classname="testObjects.DisableTest" name="disableKey" time="0.118"/>
  <testcase classname="testObjects.DisableTest" name="disableKey" time="0.114"/>
  <testcase classname="testObjects.DisableTest" name="disableKey" time="0.127"/>
  <testcase classname="testObjects.DisableTest" name="disableKey" time="0.124"/>
</testsuite> <!-- disableLicenseKey -->
