<?xml version="1.0" encoding="UTF-8"?>
<!-- Generated by org.testng.reporters.JUnitXMLReporter -->
<testsuite ignored="0" hostname="zalupa" failures="0" tests="3" name="getInformation" time="7.694" errors="0" timestamp="21 Oct 2019 01:06:03 GMT">
  <testcase classname="testObjects.InformationTest" name="getInformationOnProperKey" time="0.845"/>
  <testcase classname="testObjects.InformationTest" name="getInformationOnEmpty" time="0.952"/>
  <testcase classname="testObjects.InformationTest" name="getInformationOnProperHwid" time="4.102"/>
</testsuite> <!-- getInformation -->
